
Showing logs for build [32mcb-kubecd-bdd-ghfjxy-1568386653-j42nr-1[0m stage [32mmeta-pipeline[0m and container [32mstep-credential-initializer-lll89[0m
{"level":"warn","ts":1568387395.7816725,"logger":"fallback-logger","caller":"logging/config.go:69","msg":"Fetch GitHub commit ID from kodata failed: \"ref: refs/heads/master\" is not a valid GitHub commit ID"}
{"level":"info","ts":1568387395.7821972,"logger":"fallback-logger","caller":"creds-init/main.go:40","msg":"Credentials initialized."}

Showing logs for build [32mcb-kubecd-bdd-ghfjxy-1568386653-j42nr-1[0m stage [32mmeta-pipeline[0m and container [32mstep-working-dir-initializer-kmf7n[0m
{"level":"warn","ts":1568387396.2568629,"logger":"fallback-logger","caller":"logging/config.go:69","msg":"Fetch GitHub commit ID from kodata failed: open /var/run/ko/HEAD: no such file or directory"}
{"level":"info","ts":1568387396.258237,"logger":"fallback-logger","caller":"bash/main.go:65","msg":"Successfully executed command \"mkdir -p /workspace/source\""}

Showing logs for build [32mcb-kubecd-bdd-ghfjxy-1568386653-j42nr-1[0m stage [32mmeta-pipeline[0m and container [32mstep-place-tools[0m

Showing logs for build [32mcb-kubecd-bdd-ghfjxy-1568386653-j42nr-1[0m stage [32mmeta-pipeline[0m and container [32mstep-git-source-meta-cb-kubecd-bdd-ghfjxy-15683-wnmlv[0m
{"level":"warn","ts":1568387402.4133124,"logger":"fallback-logger","caller":"logging/config.go:69","msg":"Fetch GitHub commit ID from kodata failed: \"ref: refs/heads/master\" is not a valid GitHub commit ID"}
{"level":"info","ts":1568387403.4813297,"logger":"fallback-logger","caller":"git/git.go:102","msg":"Successfully cloned https://github.com/cb-kubecd/bdd-ghf**y-1568386653.git @ 112fef7ecf20a4872a45b4d40d3364fef7e9d56f in path /workspace/source"}

Showing logs for build [32mcb-kubecd-bdd-ghfjxy-1568386653-j42nr-1[0m stage [32mmeta-pipeline[0m and container [32mstep-git-merge[0m
Using SHAs from PULL_REFS=master:112fef7ecf20a4872a45b4d40d3364fef7e9d56f,1:87c8698b4c3d194ecfa5b57a29ea4ecaf32a0a59
DEBUG: ran git fetch --unshallow origin 87c8698b4c3d194ecfa5b57a29ea4ecaf32a0a59: 112fef7ecf20a4872a45b4d40d3364fef7e9d56f: in 
DEBUG: ran git checkout master in 
DEBUG: ran git reset --hard 112fef7ecf20a4872a45b4d40d3364fef7e9d56f in 
DEBUG: ran clean --force -d . in 
DEBUG: ran git merge 87c8698b4c3d194ecfa5b57a29ea4ecaf32a0a59 in 
Merged SHA 87c8698b4c3d194ecfa5b57a29ea4ecaf32a0a59 with commit message 'My first PR commit' into base branch master

Showing logs for build [32mcb-kubecd-bdd-ghfjxy-1568386653-j42nr-1[0m stage [32mmeta-pipeline[0m and container [32mstep-merge-pull-refs[0m
DEBUG: ran git fetch origin 87c8698b4c3d194ecfa5b57a29ea4ecaf32a0a59: 112fef7ecf20a4872a45b4d40d3364fef7e9d56f: in 
DEBUG: Unshallowed git repo in 
DEBUG: ran git checkout master in 
DEBUG: ran git reset --hard 112fef7ecf20a4872a45b4d40d3364fef7e9d56f in 
DEBUG: ran clean --force -d . in 
DEBUG: ran git merge 87c8698b4c3d194ecfa5b57a29ea4ecaf32a0a59 in 
Merged SHA 87c8698b4c3d194ecfa5b57a29ea4ecaf32a0a59 with commit message 'My first PR commit' into base branch master

Showing logs for build [32mcb-kubecd-bdd-ghfjxy-1568386653-j42nr-1[0m stage [32mmeta-pipeline[0m and container [32mstep-create-effective-pipeline[0m
Deleting and cloning the Jenkins X versions repo
Cloning the Jenkins X versions repo https://github.com/jenkins-x/jenkins-x-versions.git with ref refs/heads/master to /builder/home/.**/jenkins-x-versions
performing pack detection in folder /workspace/source
--> Draft detected YAML (67.752116%)
--> Could not find a pack for YAML. Trying to find the next likely language match...
--> Draft detected RPM Spec (14.854397%)
--> Could not find a pack for RPM Spec. Trying to find the next likely language match...
--> Draft detected Coq (6.799598%)
--> Could not find a pack for Coq. Trying to find the next likely language match...
--> Draft detected Smarty (3.701047%)
--> Could not find a pack for Smarty. Trying to find the next likely language match...
--> Draft detected Go (2.904892%)
selected pack: /builder/home/.**/draft/packs/github.com/jenkins-x-buildpacks/jenkins-x-kubernetes/packs/go
Effective pipeline written to jenkins-x-serverless-jenkins-effective.yml

Showing logs for build [32mcb-kubecd-bdd-ghfjxy-1568386653-j42nr-1[0m stage [32mmeta-pipeline[0m and container [32mstep-create-tekton-crds[0m
PipelineActivity for cb-kubecd-bdd-ghf**y-1568386653-PR-1-1
Applying changes 
upserted PipelineResource cb-kubecd-bdd-ghf**y-1568386653 for the git repository https://github.com/cb-kubecd/bdd-ghf**y-1568386653.git
upserted Task cb-kubecd-bdd-ghf**y-1568386653-j42nr-run-make-1
upserted Task cb-kubecd-bdd-ghf**y-1568386653-j42nr-everything-else-1
upserted Pipeline cb-kubecd-bdd-ghf**y-1568386653-j42nr-1
created PipelineRun cb-kubecd-bdd-ghf**y-1568386653-j42nr-1
created PipelineStructure cb-kubecd-bdd-ghf**y-1568386653-j42nr-1

Showing logs for build [32mcb-kubecd-bdd-ghfjxy-1568386653-j42nr-1[0m stage [32mrun-make[0m and container [32mstep-credential-initializer-74m6f[0m
{"level":"warn","ts":1568387430.9720292,"logger":"fallback-logger","caller":"logging/config.go:69","msg":"Fetch GitHub commit ID from kodata failed: \"ref: refs/heads/master\" is not a valid GitHub commit ID"}
{"level":"info","ts":1568387430.9735372,"logger":"fallback-logger","caller":"creds-init/main.go:40","msg":"Credentials initialized."}

Showing logs for build [32mcb-kubecd-bdd-ghfjxy-1568386653-j42nr-1[0m stage [32mrun-make[0m and container [32mstep-working-dir-initializer-47rwj[0m
{"level":"warn","ts":1568387432.3046362,"logger":"fallback-logger","caller":"logging/config.go:69","msg":"Fetch GitHub commit ID from kodata failed: open /var/run/ko/HEAD: no such file or directory"}
{"level":"info","ts":1568387432.3074522,"logger":"fallback-logger","caller":"bash/main.go:65","msg":"Successfully executed command \"mkdir -p /workspace/source\""}

Showing logs for build [32mcb-kubecd-bdd-ghfjxy-1568386653-j42nr-1[0m stage [32mrun-make[0m and container [32mstep-place-tools[0m

Showing logs for build [32mcb-kubecd-bdd-ghfjxy-1568386653-j42nr-1[0m stage [32mrun-make[0m and container [32mstep-git-source-cb-kubecd-bdd-ghfjxy-1568386653-b2tvj[0m
{"level":"warn","ts":1568387437.4783247,"logger":"fallback-logger","caller":"logging/config.go:69","msg":"Fetch GitHub commit ID from kodata failed: \"ref: refs/heads/master\" is not a valid GitHub commit ID"}
{"level":"info","ts":1568387438.7083755,"logger":"fallback-logger","caller":"git/git.go:102","msg":"Successfully cloned https://github.com/cb-kubecd/bdd-ghf**y-1568386653.git @ master in path /workspace/source"}

Showing logs for build [32mcb-kubecd-bdd-ghfjxy-1568386653-j42nr-1[0m stage [32mrun-make[0m and container [32mstep-git-merge[0m
Using SHAs from PULL_REFS=master:112fef7ecf20a4872a45b4d40d3364fef7e9d56f,1:87c8698b4c3d194ecfa5b57a29ea4ecaf32a0a59
DEBUG: ran git fetch --unshallow origin 87c8698b4c3d194ecfa5b57a29ea4ecaf32a0a59: 112fef7ecf20a4872a45b4d40d3364fef7e9d56f: in 
DEBUG: ran git checkout master in 
DEBUG: ran git reset --hard 112fef7ecf20a4872a45b4d40d3364fef7e9d56f in 
DEBUG: ran clean --force -d . in 
DEBUG: ran git merge 87c8698b4c3d194ecfa5b57a29ea4ecaf32a0a59 in 
Merged SHA 87c8698b4c3d194ecfa5b57a29ea4ecaf32a0a59 with commit message 'My first PR commit' into base branch master

Showing logs for build [32mcb-kubecd-bdd-ghfjxy-1568386653-j42nr-1[0m stage [32mrun-make[0m and container [32mstep-build-make-linux[0m
CGO_ENABLED=0 GOOS=linux GOARCH=amd64 GO15VENDOREXPERIMENT=1 go build -ldflags '' -o bin/bdd-ghf**y-1568386653 main.go

Showing logs for build [32mcb-kubecd-bdd-ghfjxy-1568386653-j42nr-1[0m stage [32mrun-make[0m and container [32mstep-source-mkdir-cb-kubecd-bdd-ghfjxy-1568386653-jntvm[0m
{"level":"warn","ts":1568387447.5225048,"logger":"fallback-logger","caller":"logging/config.go:69","msg":"Fetch GitHub commit ID from kodata failed: open /var/run/ko/HEAD: no such file or directory"}
{"level":"info","ts":1568387447.5257466,"logger":"fallback-logger","caller":"bash/main.go:65","msg":"Successfully executed command \"mkdir -p /pvc/run-make/workspace\""}

Showing logs for build [32mcb-kubecd-bdd-ghfjxy-1568386653-j42nr-1[0m stage [32mrun-make[0m and container [32mstep-source-copy-cb-kubecd-bdd-ghfjxy-1568386653-svjw7[0m
{"level":"warn","ts":1568387447.8901353,"logger":"fallback-logger","caller":"logging/config.go:69","msg":"Fetch GitHub commit ID from kodata failed: open /var/run/ko/HEAD: no such file or directory"}
{"level":"info","ts":1568387447.9056673,"logger":"fallback-logger","caller":"bash/main.go:65","msg":"Successfully executed command \"cp -r /workspace/source/. /pvc/run-make/workspace\""}

Showing logs for build [32mcb-kubecd-bdd-ghfjxy-1568386653-j42nr-1[0m stage [32meverything-else[0m and container [32mstep-credential-initializer-kxqm5[0m
{"level":"warn","ts":1568387458.9746525,"logger":"fallback-logger","caller":"logging/config.go:69","msg":"Fetch GitHub commit ID from kodata failed: \"ref: refs/heads/master\" is not a valid GitHub commit ID"}
{"level":"info","ts":1568387458.975269,"logger":"fallback-logger","caller":"creds-init/main.go:40","msg":"Credentials initialized."}

Showing logs for build [32mcb-kubecd-bdd-ghfjxy-1568386653-j42nr-1[0m stage [32meverything-else[0m and container [32mstep-working-dir-initializer-ztstn[0m
{"level":"warn","ts":1568387459.4331129,"logger":"fallback-logger","caller":"logging/config.go:69","msg":"Fetch GitHub commit ID from kodata failed: open /var/run/ko/HEAD: no such file or directory"}
{"level":"info","ts":1568387459.4359126,"logger":"fallback-logger","caller":"bash/main.go:65","msg":"Successfully executed command \"mkdir -p /workspace/source /workspace/source/charts/preview\""}

Showing logs for build [32mcb-kubecd-bdd-ghfjxy-1568386653-j42nr-1[0m stage [32meverything-else[0m and container [32mstep-place-tools[0m

Showing logs for build [32mcb-kubecd-bdd-ghfjxy-1568386653-j42nr-1[0m stage [32meverything-else[0m and container [32mstep-create-dir-workspace-sdj92[0m
{"level":"warn","ts":1568387464.6356094,"logger":"fallback-logger","caller":"logging/config.go:69","msg":"Fetch GitHub commit ID from kodata failed: open /var/run/ko/HEAD: no such file or directory"}
{"level":"info","ts":1568387464.6381593,"logger":"fallback-logger","caller":"bash/main.go:65","msg":"Successfully executed command \"mkdir -p /workspace/source\""}

Showing logs for build [32mcb-kubecd-bdd-ghfjxy-1568386653-j42nr-1[0m stage [32meverything-else[0m and container [32mstep-source-copy-workspace-lz7qv[0m
{"level":"warn","ts":1568387464.8971977,"logger":"fallback-logger","caller":"logging/config.go:69","msg":"Fetch GitHub commit ID from kodata failed: open /var/run/ko/HEAD: no such file or directory"}
{"level":"info","ts":1568387465.108414,"logger":"fallback-logger","caller":"bash/main.go:65","msg":"Successfully executed command \"cp -r /pvc/run-make/workspace/. /workspace/source\""}

Showing logs for build [32mcb-kubecd-bdd-ghfjxy-1568386653-j42nr-1[0m stage [32meverything-else[0m and container [32mstep-build-container-build[0m
[36mINFO[0m[0000] No base image, nothing to extract            
[36mINFO[0m[0000] cmd: EXPOSE                                  
[36mINFO[0m[0000] Adding exposed port: 8080/tcp                
[36mINFO[0m[0000] Using files from context: [/workspace/source/bin] 
[36mINFO[0m[0000] Skipping unpacking as no commands require it. 
[36mINFO[0m[0000] Taking snapshot of full filesystem...        
[36mINFO[0m[0000] EXPOSE 8080                                  
[36mINFO[0m[0000] cmd: EXPOSE                                  
[36mINFO[0m[0000] Adding exposed port: 8080/tcp                
[36mINFO[0m[0000] No files changed in this command, skipping snapshotting. 
[36mINFO[0m[0000] ENTRYPOINT ["/bdd-ghf**y-1568386653"]        
[36mINFO[0m[0000] No files changed in this command, skipping snapshotting. 
[36mINFO[0m[0000] Using files from context: [/workspace/source/bin] 
[36mINFO[0m[0000] COPY ./bin/ /                                
[36mINFO[0m[0000] Taking snapshot of files...                  
2019/09/13 15:11:09 pushed blob: sha256:9031240127313ce9809561592ad54c435459df59681cdfcd94bce6b07369ee6e
2019/09/13 15:11:11 pushed blob: sha256:f3e65b1ea4006b2c57a280188aa1c8ee7ddc1fc6f77856c8f5f3f9843e241c76
2019/09/13 15:11:12 gcr.io/jenkins-x-bdd3/bdd-ghf**y-1568386653:0.0.0-SNAPSHOT-PR-1-1: digest: sha256:4681f6543949a2eb2680c3afcaf65b81a1cd7d9fecc95a7e8324a7a6fa643d2c size: 428

Showing logs for build [32mcb-kubecd-bdd-ghfjxy-1568386653-j42nr-1[0m stage [32meverything-else[0m and container [32mstep-postbuild-post-build[0m
no CVE provider running in the current ** namespace so skip adding image to be analysed

Showing logs for build [32mcb-kubecd-bdd-ghfjxy-1568386653-j42nr-1[0m stage [32meverything-else[0m and container [32mstep-promote-make-preview[0m
sed -i -e "s/version:.*/version: 0.0.0-SNAPSHOT-PR-1-1/" Chart.yaml
sed -i -e "s/version:.*/version: 0.0.0-SNAPSHOT-PR-1-1/" ../*/Chart.yaml
sed -i -e "s|repository:.*|repository: gcr.io\/jenkins-x-bdd3\/bdd-ghf**y-1568386653|" values.yaml
sed -i -e "s/tag:.*/tag: 0.0.0-SNAPSHOT-PR-1-1/" values.yaml
echo "  version: 0.0.0-SNAPSHOT-PR-1-1" >> requirements.yaml
** step helm build
WARNING: No $CHART_REPOSITORY defined so using the default value of: http://jenkins-x-chartmuseum:8080
Adding missing Helm repo: storage.googleapis.com https://storage.googleapis.com/chartmuseum.jenkins-x.io
Successfully added Helm repository storage.googleapis.com.
Adding missing Helm repo: jenkins-x-chartmuseum http://jenkins-x-chartmuseum:8080
Successfully added Helm repository jenkins-x-chartmuseum.
WARNING: No $CHART_REPOSITORY defined so using the default value of: http://jenkins-x-chartmuseum:8080
Adding missing Helm repo: chartmuseum.jenkins-x.io http://chartmuseum.jenkins-x.io
Successfully added Helm repository chartmuseum.jenkins-x.io.

Showing logs for build [32mcb-kubecd-bdd-ghfjxy-1568386653-j42nr-1[0m stage [32meverything-else[0m and container [32mstep-promote-jx-preview[0m
Creating a preview
WARNING: No author for commit: 87c8698b4c3d194ecfa5b57a29ea4ecaf32a0a59
Created environment cb-kubecd-bdd-ghf**y-1568386653-pr-1
Namespace **-cb-kubecd-bdd-ghf**y-1568386653-pr-1 created 
expose:
  Annotations:
    helm.sh/hook: post-install,post-upgrade
    helm.sh/hook-delete-policy: hook-succeeded
  config:
    domain: 34.76.235.230.nip.io
    exposer: Ingress
    http: "true"
preview:
  image:
    repository: gcr.io/jenkins-x-bdd3/bdd-ghf**y-1568386653
    tag: 0.0.0-SNAPSHOT-PR-1-1
Deleting and cloning the Jenkins X versions repo
Cloning the Jenkins X versions repo https://github.com/jenkins-x/jenkins-x-versions.git with ref refs/heads/master to /builder/home/.**/jenkins-x-versions


Updating PipelineActivities cb-kubecd-bdd-ghf**y-1568386653-pr-1-1 which has status Running
WARNING: preview application http://bdd-ghf**y-1568386653.**-cb-kubecd-bdd-ghf**y-1568386653-pr-1.34.76.235.230.nip.io not available, error was 503 503 Service Temporarily Unavailable, delaying for: 1.252573036s
WARNING: preview application http://bdd-ghf**y-1568386653.**-cb-kubecd-bdd-ghf**y-1568386653-pr-1.34.76.235.230.nip.io not available, error was 503 503 Service Temporarily Unavailable, delaying for: 1.795078749s
Preview application is now available at: http://bdd-ghf**y-1568386653.**-cb-kubecd-bdd-ghf**y-1568386653-pr-1.34.76.235.230.nip.io
